# project  configured on Mon Aug 15 23:43:42 2016 by
# waf 1.7.11 (abi 98, python 2070af0 on darwin)
# using /Users/apolotary/Library/Application Support/Pebble SDK/SDKs/current/sdk-core/pebble/waf configure
#
----------------------------------------
Setting top to
/Volumes/Oldmac/Downloads/15c/pebble-time-watch-face-animated-master 3
----------------------------------------
Setting out to
/Volumes/Oldmac/Downloads/15c/pebble-time-watch-face-animated-master 3/build
----------------------------------------
Found Pebble SDK for basalt in:
/Users/apolotary/Library/Application Support/Pebble SDK/SDKs/current/sdk-core/pebble/basalt
----------------------------------------
Checking for program gcc,cc
arm-none-eabi-gcc
find program=['gcc', 'cc'] paths='' var='CC' -> 'arm-none-eabi-gcc'
----------------------------------------
Checking for program ar
arm-none-eabi-ar
find program=['ar'] paths='' var='AR' -> 'arm-none-eabi-ar'
